[INFO ] 2022-10-05 20:55:32.128 [main] StepDefi - Setup 1 Executed
[INFO ] 2022-10-05 20:55:35.872 [main] StepDefi - Url Lunched....
[INFO ] 2022-10-05 20:55:36.202 [main] StepDefi - Email And Password Entered....
[INFO ] 2022-10-05 20:55:45.767 [main] StepDefi - Login Button Clicked
[INFO ] 2022-10-05 20:55:45.767 [main] StepDefi - Titel Compared....
[INFO ] 2022-10-05 20:55:45.778 [main] StepDefi - Title Matched....
[INFO ] 2022-10-05 20:55:49.125 [main] StepDefi - Log Out Button Clicked.....
[INFO ] 2022-10-05 20:55:49.126 [main] StepDefi - Titel Compared....
[INFO ] 2022-10-05 20:55:49.136 [main] StepDefi - Title Matched....
[INFO ] 2022-10-05 20:55:49.250 [main] StepDefi - Driver.closed....
[INFO ] 2022-10-05 20:55:49.256 [main] StepDefi - Test Passed
[INFO ] 2022-10-05 20:59:42.031 [main] StepDefi - Setup 1 Executed
[INFO ] 2022-10-05 20:59:45.491 [main] StepDefi - Url Lunched....
[INFO ] 2022-10-05 20:59:45.838 [main] StepDefi - Email And Password Entered....
[INFO ] 2022-10-05 21:00:01.973 [main] StepDefi - Login Button Clicked
[INFO ] 2022-10-05 21:00:01.975 [main] StepDefi - Titel Compared....
[INFO ] 2022-10-05 21:00:01.986 [main] StepDefi - Title Matched....
[INFO ] 2022-10-05 21:00:04.682 [main] StepDefi - Log Out Button Clicked.....
[INFO ] 2022-10-05 21:00:04.683 [main] StepDefi - Titel Compared....
[INFO ] 2022-10-05 21:00:04.698 [main] StepDefi - Title Matched....
[INFO ] 2022-10-05 21:00:04.821 [main] StepDefi - Driver.closed....
[INFO ] 2022-10-05 21:00:04.829 [main] StepDefi - Test Passed
[INFO ] 2022-10-05 21:01:49.184 [main] StepDefi - Setup 1 Executed
[INFO ] 2022-10-05 21:01:53.487 [main] StepDefi - Url Lunched....
[INFO ] 2022-10-05 21:01:53.803 [main] StepDefi - Email And Password Entered....
[INFO ] 2022-10-05 21:01:54.726 [main] StepDefi - Login Button Clicked
[INFO ] 2022-10-05 21:01:54.727 [main] StepDefi - Titel Compared....
[WARN ] 2022-10-05 21:01:54.742 [main] StepDefi - Test Failed: Title Did Not Matched.....
[INFO ] 2022-10-05 21:01:54.908 [main] StepDefi - Test Case Failed
[INFO ] 2022-10-05 21:02:57.408 [main] StepDefi - Setup 1 Executed
[INFO ] 2022-10-05 21:03:03.499 [main] StepDefi - Url Lunched....
[INFO ] 2022-10-05 21:03:03.824 [main] StepDefi - Email And Password Entered....
[INFO ] 2022-10-05 21:03:04.470 [main] StepDefi - Login Button Clicked
[INFO ] 2022-10-05 21:03:04.472 [main] StepDefi - Titel Compared....
[WARN ] 2022-10-05 21:03:04.485 [main] StepDefi - Test Failed: Title Did Not Matched.....
[INFO ] 2022-10-05 21:03:04.658 [main] StepDefi - Test Case Failed
[INFO ] 2022-10-05 21:05:45.424 [main] StepDefi - Setup 1 Executed
[INFO ] 2022-10-05 21:05:49.725 [main] StepDefi - Url Lunched....
[INFO ] 2022-10-05 21:05:50.054 [main] StepDefi - Email And Password Entered....
[INFO ] 2022-10-05 21:05:52.064 [main] StepDefi - Login Button Clicked
[INFO ] 2022-10-05 21:05:52.065 [main] StepDefi - Titel Compared....
[WARN ] 2022-10-05 21:05:52.081 [main] StepDefi - Test Failed: Title Did Not Matched.....
[INFO ] 2022-10-05 21:05:52.233 [main] StepDefi - Test Case Failed
[INFO ] 2022-10-05 21:10:38.298 [main] StepDefi - Setup 1 Executed
[INFO ] 2022-10-05 21:10:43.212 [main] StepDefi - Url Lunched....
[INFO ] 2022-10-05 21:10:43.552 [main] StepDefi - Email And Password Entered....
[INFO ] 2022-10-05 21:10:45.436 [main] StepDefi - Login Button Clicked
[INFO ] 2022-10-05 21:10:45.437 [main] StepDefi - Titel Compared....
[WARN ] 2022-10-05 21:10:45.456 [main] StepDefi - Test Failed: Title Did Not Matched.....
[INFO ] 2022-10-05 21:10:45.638 [main] StepDefi - Test Case Failed
[INFO ] 2022-10-05 21:14:03.213 [main] StepDefi - Setup 1 Executed
[INFO ] 2022-10-05 21:14:08.580 [main] StepDefi - Url Lunched....
[INFO ] 2022-10-05 21:14:08.929 [main] StepDefi - Email And Password Entered....
[INFO ] 2022-10-05 21:14:09.709 [main] StepDefi - Login Button Clicked
[INFO ] 2022-10-05 21:14:09.711 [main] StepDefi - Titel Compared....
[WARN ] 2022-10-05 21:14:09.727 [main] StepDefi - Test Failed: Title Did Not Matched.....
[INFO ] 2022-10-05 21:14:09.887 [main] StepDefi - Test Case Failed
[INFO ] 2022-10-05 22:54:13.357 [main] StepDefi - Setup 1 Executed
[INFO ] 2022-10-05 22:54:21.334 [main] StepDefi - Url Lunched....
[INFO ] 2022-10-05 22:54:21.584 [main] StepDefi - Email And Password Entered....
[INFO ] 2022-10-05 22:54:22.311 [main] StepDefi - Login Button Clicked
[INFO ] 2022-10-05 22:54:22.312 [main] StepDefi - Titel Compared....
[WARN ] 2022-10-05 22:54:22.321 [main] StepDefi - Test Failed: Title Did Not Matched.....
[INFO ] 2022-10-05 22:54:22.463 [main] StepDefi - Test Case Failed
[INFO ] 2022-10-05 23:05:24.907 [main] StepDefi - Setup 1 Executed
[INFO ] 2022-10-05 23:05:34.179 [main] StepDefi - Url Lunched....
[INFO ] 2022-10-05 23:05:34.478 [main] StepDefi - Email And Password Entered....
[INFO ] 2022-10-05 23:05:35.292 [main] StepDefi - Login Button Clicked
[INFO ] 2022-10-05 23:05:35.294 [main] StepDefi - Titel Compared....
[WARN ] 2022-10-05 23:05:35.302 [main] StepDefi - Test Failed: Title Did Not Matched.....
[INFO ] 2022-10-05 23:05:35.651 [main] StepDefi - Test Case Failed
[INFO ] 2022-10-06 15:28:34.701 [main] StepDefi - Setup 1 Executed
[INFO ] 2022-10-06 15:29:09.424 [main] StepDefi - Url Lunched....
[INFO ] 2022-10-06 15:29:09.723 [main] StepDefi - Email And Password Entered....
[INFO ] 2022-10-06 15:29:21.868 [main] StepDefi - Login Button Clicked
[INFO ] 2022-10-06 15:29:21.869 [main] StepDefi - Titel Compared....
[WARN ] 2022-10-06 15:29:21.882 [main] StepDefi - Test Failed: Title Did Not Matched.....
[INFO ] 2022-10-06 15:29:22.033 [main] StepDefi - Test Case Failed
[INFO ] 2022-10-06 15:35:35.483 [main] StepDefi - Setup 1 Executed
[INFO ] 2022-10-06 15:36:56.342 [main] StepDefi - Url Lunched....
[INFO ] 2022-10-06 15:37:06.991 [main] StepDefi - Setup 1 Executed
[INFO ] 2022-10-06 15:38:19.380 [main] StepDefi - Setup 1 Executed
[INFO ] 2022-10-06 15:38:26.050 [main] StepDefi - Url Lunched....
[INFO ] 2022-10-06 15:38:26.290 [main] StepDefi - Email And Password Entered....
[INFO ] 2022-10-06 15:38:26.808 [main] StepDefi - Login Button Clicked
[INFO ] 2022-10-06 15:38:26.810 [main] StepDefi - Titel Compared....
[WARN ] 2022-10-06 15:38:26.817 [main] StepDefi - Test Failed: Title Did Not Matched.....
[INFO ] 2022-10-06 15:38:26.978 [main] StepDefi - Test Case Failed
[INFO ] 2022-10-06 15:38:49.849 [main] StepDefi - Setup 1 Executed
[INFO ] 2022-10-06 15:38:57.295 [main] StepDefi - Url Lunched....
[INFO ] 2022-10-06 15:38:57.538 [main] StepDefi - Email And Password Entered....
[INFO ] 2022-10-06 15:39:01.094 [main] StepDefi - Login Button Clicked
[INFO ] 2022-10-06 15:39:01.099 [main] StepDefi - Titel Compared....
[WARN ] 2022-10-06 15:39:01.116 [main] StepDefi - Test Failed: Title Did Not Matched.....
[INFO ] 2022-10-06 15:39:01.282 [main] StepDefi - Test Case Failed
